<?xml version="1.0" encoding="UTF-8"?>
<testsuite name="RectangleTest" tests="5" skipped="0" failures="0" errors="0" timestamp="2016-04-25T18:09:15" hostname="epicodus-31.local" time="0.0">
  <properties/>
  <testcase name="isSquare_whenASquare_true" classname="RectangleTest" time="0.0"/>
  <testcase name="getWidth_getsRectangleWidth_2" classname="RectangleTest" time="0.0"/>
  <testcase name="isSquare_whenNotASquare_false" classname="RectangleTest" time="0.0"/>
  <testcase name="Rectangle_shouldBeRectangleOuput_true" classname="RectangleTest" time="0.0"/>
  <testcase name="getLength_getsRectangleLength_2" classname="RectangleTest" time="0.0"/>
  <system-out><![CDATA[]]></system-out>
  <system-err><![CDATA[]]></system-err>
</testsuite>
